<?xml version="1.0" encoding="UTF-8"?>
<!-- Generated by org.testng.reporters.JUnitReportReporter -->
<testsuite skipped="0" hostname="HOSQ2406101613A" name="testcases.Login" tests="1" failures="0" timestamp="2019-08-29T18:40:19 BDT" time="4.602" errors="0">
  <testcase name="init" time="4.602" classname="testcases.Login"/>
</testsuite> <!-- testcases.Login -->
